[2018-04-13 14:40:01 +0800] [24995] [INFO] Starting gunicorn 19.7.1
[2018-04-13 14:40:01 +0800] [24995] [INFO] Listening at: http://0.0.0.0:8000 (24995)
[2018-04-13 14:40:01 +0800] [24995] [INFO] Using worker: sync
[2018-04-13 14:40:01 +0800] [24998] [INFO] Booting worker with pid: 24998
[2018-04-13 14:40:01 +0800] [24999] [INFO] Booting worker with pid: 24999
[2018-04-13 14:40:02 +0800] [25001] [INFO] Booting worker with pid: 25001
[2018-04-13 16:03:01 +0800] [48123] [INFO] Booting worker with pid: 48123
[2018-04-13 16:03:01 +0800] [48124] [INFO] Booting worker with pid: 48124
[2018-04-13 16:03:01 +0800] [48125] [INFO] Booting worker with pid: 48125
[2018-04-13 16:03:01 +0800] [24995] [INFO] Handling signal: hup
[2018-04-13 16:03:01 +0800] [24995] [INFO] Hang up: Master
[2018-04-13 16:03:02 +0800] [48127] [INFO] Booting worker with pid: 48127
[2018-04-13 16:03:02 +0800] [48128] [INFO] Booting worker with pid: 48128
[2018-04-13 16:03:02 +0800] [48126] [INFO] Booting worker with pid: 48126
[2018-04-13 08:03:03 +0000] [48125] [INFO] Worker exiting (pid: 48125)
[2018-04-13 08:03:03 +0000] [48124] [INFO] Worker exiting (pid: 48124)
[2018-04-13 08:03:03 +0000] [48123] [INFO] Worker exiting (pid: 48123)
[2018-04-13 17:32:04 +0800] [24995] [CRITICAL] WORKER TIMEOUT (pid:48128)
[2018-04-13 17:32:04 +0800] [24995] [CRITICAL] WORKER TIMEOUT (pid:48126)
[2018-04-13 09:32:04 +0000] [48128] [INFO] Worker exiting (pid: 48128)
[2018-04-13 09:32:04 +0000] [48126] [INFO] Worker exiting (pid: 48126)
[2018-04-13 17:32:05 +0800] [71595] [INFO] Booting worker with pid: 71595
[2018-04-13 17:32:05 +0800] [71596] [INFO] Booting worker with pid: 71596
[2018-04-14 08:22:17 +0800] [24995] [CRITICAL] WORKER TIMEOUT (pid:71595)
[2018-04-14 00:22:17 +0000] [71595] [INFO] Worker exiting (pid: 71595)
[2018-04-14 08:22:17 +0800] [24995] [CRITICAL] WORKER TIMEOUT (pid:71596)
[2018-04-14 00:22:17 +0000] [71596] [INFO] Worker exiting (pid: 71596)
[2018-04-14 08:22:17 +0800] [24995] [CRITICAL] WORKER TIMEOUT (pid:48127)
[2018-04-14 00:22:17 +0000] [48127] [INFO] Worker exiting (pid: 48127)
[2018-04-14 08:22:18 +0800] [90135] [INFO] Booting worker with pid: 90135
[2018-04-14 08:22:18 +0800] [90136] [INFO] Booting worker with pid: 90136
[2018-04-14 08:22:18 +0800] [90137] [INFO] Booting worker with pid: 90137
[2018-04-14 11:49:40 +0800] [24995] [INFO] Handling signal: term
[2018-04-14 03:49:40 +0000] [90136] [INFO] Worker exiting (pid: 90136)
[2018-04-14 03:49:40 +0000] [90135] [INFO] Worker exiting (pid: 90135)
[2018-04-14 03:49:40 +0000] [90137] [INFO] Worker exiting (pid: 90137)
[2018-04-14 11:49:42 +0800] [24995] [INFO] Shutting down: Master
